Looking in indexes: https://pypi.org/simple, https://d33sy5i8bnduwe.cloudfront.net/simple/
Requirement already satisfied: fastapi==0.110.1 in /root/.venv/lib/python3.11/site-packages (from -r requirements.txt (line 1)) (0.110.1)
Requirement already satisfied: uvicorn==0.25.0 in /root/.venv/lib/python3.11/site-packages (from -r requirements.txt (line 2)) (0.25.0)
Requirement already satisfied: boto3>=1.34.129 in /root/.venv/lib/python3.11/site-packages (from -r requirements.txt (line 3)) (1.38.38)
Requirement already satisfied: requests-oauthlib>=2.0.0 in /root/.venv/lib/python3.11/site-packages (from -r requirements.txt (line 4)) (2.0.0)
Requirement already satisfied: cryptography>=42.0.8 in /root/.venv/lib/python3.11/site-packages (from -r requirements.txt (line 5)) (45.0.4)
Requirement already satisfied: python-dotenv>=1.0.1 in /root/.venv/lib/python3.11/site-packages (from -r requirements.txt (line 6)) (1.1.0)
Requirement already satisfied: pymongo==4.5.0 in /root/.venv/lib/python3.11/site-packages (from -r requirements.txt (line 7)) (4.5.0)
Requirement already satisfied: pydantic>=2.6.4 in /root/.venv/lib/python3.11/site-packages (from -r requirements.txt (line 8)) (2.11.7)
Requirement already satisfied: email-validator>=2.2.0 in /root/.venv/lib/python3.11/site-packages (from -r requirements.txt (line 9)) (2.2.0)
Requirement already satisfied: pyjwt>=2.10.1 in /root/.venv/lib/python3.11/site-packages (from -r requirements.txt (line 10)) (2.10.1)
Requirement already satisfied: passlib>=1.7.4 in /root/.venv/lib/python3.11/site-packages (from -r requirements.txt (line 11)) (1.7.4)
Requirement already satisfied: tzdata>=2024.2 in /root/.venv/lib/python3.11/site-packages (from -r requirements.txt (line 12)) (2025.2)
Requirement already satisfied: motor==3.3.1 in /root/.venv/lib/python3.11/site-packages (from -r requirements.txt (line 13)) (3.3.1)
Requirement already satisfied: pytest>=8.0.0 in /root/.venv/lib/python3.11/site-packages (from -r requirements.txt (line 14)) (8.4.0)
Requirement already satisfied: black>=24.1.1 in /root/.venv/lib/python3.11/site-packages (from -r requirements.txt (line 15)) (25.1.0)
Requirement already satisfied: isort>=5.13.2 in /root/.venv/lib/python3.11/site-packages (from -r requirements.txt (line 16)) (6.0.1)
Requirement already satisfied: flake8>=7.0.0 in /root/.venv/lib/python3.11/site-packages (from -r requirements.txt (line 17)) (7.2.0)
Requirement already satisfied: mypy>=1.8.0 in /root/.venv/lib/python3.11/site-packages (from -r requirements.txt (line 18)) (1.16.1)
Requirement already satisfied: python-jose>=3.3.0 in /root/.venv/lib/python3.11/site-packages (from -r requirements.txt (line 19)) (3.5.0)
Requirement already satisfied: requests>=2.31.0 in /root/.venv/lib/python3.11/site-packages (from -r requirements.txt (line 20)) (2.32.4)
Requirement already satisfied: pandas>=2.2.0 in /root/.venv/lib/python3.11/site-packages (from -r requirements.txt (line 21)) (2.3.0)
Requirement already satisfied: numpy>=1.26.0 in /root/.venv/lib/python3.11/site-packages (from -r requirements.txt (line 22)) (2.1.3)
Requirement already satisfied: python-multipart>=0.0.9 in /root/.venv/lib/python3.11/site-packages (from -r requirements.txt (line 23)) (0.0.20)
Requirement already satisfied: jq>=1.6.0 in /root/.venv/lib/python3.11/site-packages (from -r requirements.txt (line 24)) (1.9.1)
Requirement already satisfied: typer>=0.9.0 in /root/.venv/lib/python3.11/site-packages (from -r requirements.txt (line 25)) (0.16.0)
Requirement already satisfied: tensorflow>=2.15.0 in /root/.venv/lib/python3.11/site-packages (from -r requirements.txt (line 26)) (2.19.0)
Requirement already satisfied: transformers>=4.30.0 in /root/.venv/lib/python3.11/site-packages (from -r requirements.txt (line 27)) (4.53.0)
Requirement already satisfied: torch>=2.0.0 in /root/.venv/lib/python3.11/site-packages (from -r requirements.txt (line 28)) (2.7.1)
Requirement already satisfied: opencv-python>=4.8.0 in /root/.venv/lib/python3.11/site-packages (from -r requirements.txt (line 29)) (4.11.0.86)
Requirement already satisfied: pytesseract>=0.3.10 in /root/.venv/lib/python3.11/site-packages (from -r requirements.txt (line 30)) (0.3.13)
Requirement already satisfied: Pillow>=10.0.0 in /root/.venv/lib/python3.11/site-packages (from -r requirements.txt (line 31)) (11.3.0)
Requirement already satisfied: scikit-learn>=1.3.0 in /root/.venv/lib/python3.11/site-packages (from -r requirements.txt (line 32)) (1.7.0)
Requirement already satisfied: matplotlib>=3.7.0 in /root/.venv/lib/python3.11/site-packages (from -r requirements.txt (line 33)) (3.10.3)
Requirement already satisfied: seaborn>=0.12.0 in /root/.venv/lib/python3.11/site-packages (from -r requirements.txt (line 34)) (0.13.2)
Requirement already satisfied: jupyter>=1.1.1 in /root/.venv/lib/python3.11/site-packages (from -r requirements.txt (line 35)) (1.1.1)
Requirement already satisfied: ipykernel>=6.25.0 in /root/.venv/lib/python3.11/site-packages (from -r requirements.txt (line 36)) (6.29.5)
Requirement already satisfied: nltk>=3.8.1 in /root/.venv/lib/python3.11/site-packages (from -r requirements.txt (line 37)) (3.9.1)
Requirement already satisfied: wordcloud>=1.9.2 in /root/.venv/lib/python3.11/site-packages (from -r requirements.txt (line 38)) (1.9.4)
Requirement already satisfied: plotly>=5.15.0 in /root/.venv/lib/python3.11/site-packages (from -r requirements.txt (line 39)) (6.2.0)
Requirement already satisfied: datasets>=2.14.0 in /root/.venv/lib/python3.11/site-packages (from -r requirements.txt (line 40)) (3.6.0)
Requirement already satisfied: accelerate>=0.21.0 in /root/.venv/lib/python3.11/site-packages (from -r requirements.txt (line 41)) (1.8.1)
Requirement already satisfied: textblob>=0.17.1 in /root/.venv/lib/python3.11/site-packages (from -r requirements.txt (line 42)) (0.19.0)
Requirement already satisfied: spacy>=3.6.0 in /root/.venv/lib/python3.11/site-packages (from -r requirements.txt (line 43)) (3.8.7)
Requirement already satisfied: starlette<0.38.0,>=0.37.2 in /root/.venv/lib/python3.11/site-packages (from fastapi==0.110.1->-r requirements.txt (line 1)) (0.37.2)
Requirement already satisfied: typing-extensions>=4.8.0 in /usr/local/lib/python3.11/site-packages (from fastapi==0.110.1->-r requirements.txt (line 1)) (4.14.0)
Requirement already satisfied: click>=7.0 in /root/.venv/lib/python3.11/site-packages (from uvicorn==0.25.0->-r requirements.txt (line 2)) (8.2.1)
Requirement already satisfied: h11>=0.8 in /root/.venv/lib/python3.11/site-packages (from uvicorn==0.25.0->-r requirements.txt (line 2)) (0.16.0)
Requirement already satisfied: dnspython<3.0.0,>=1.16.0 in /root/.venv/lib/python3.11/site-packages (from pymongo==4.5.0->-r requirements.txt (line 7)) (2.7.0)
Requirement already satisfied: botocore<1.39.0,>=1.38.38 in /root/.venv/lib/python3.11/site-packages (from boto3>=1.34.129->-r requirements.txt (line 3)) (1.38.38)
Requirement already satisfied: jmespath<2.0.0,>=0.7.1 in /root/.venv/lib/python3.11/site-packages (from boto3>=1.34.129->-r requirements.txt (line 3)) (1.0.1)
Requirement already satisfied: s3transfer<0.14.0,>=0.13.0 in /root/.venv/lib/python3.11/site-packages (from boto3>=1.34.129->-r requirements.txt (line 3)) (0.13.0)
Requirement already satisfied: oauthlib>=3.0.0 in /root/.venv/lib/python3.11/site-packages (from requests-oauthlib>=2.0.0->-r requirements.txt (line 4)) (3.3.0)
Requirement already satisfied: cffi>=1.14 in /root/.venv/lib/python3.11/site-packages (from cryptography>=42.0.8->-r requirements.txt (line 5)) (1.17.1)
Requirement already satisfied: annotated-types>=0.6.0 in /root/.venv/lib/python3.11/site-packages (from pydantic>=2.6.4->-r requirements.txt (line 8)) (0.7.0)
Requirement already satisfied: pydantic-core==2.33.2 in /root/.venv/lib/python3.11/site-packages (from pydantic>=2.6.4->-r requirements.txt (line 8)) (2.33.2)
Requirement already satisfied: typing-inspection>=0.4.0 in /root/.venv/lib/python3.11/site-packages (from pydantic>=2.6.4->-r requirements.txt (line 8)) (0.4.1)
Requirement already satisfied: idna>=2.0.0 in /root/.venv/lib/python3.11/site-packages (from email-validator>=2.2.0->-r requirements.txt (line 9)) (3.10)
Requirement already satisfied: iniconfig>=1 in /root/.venv/lib/python3.11/site-packages (from pytest>=8.0.0->-r requirements.txt (line 14)) (2.1.0)
Requirement already satisfied: packaging>=20 in /root/.venv/lib/python3.11/site-packages (from pytest>=8.0.0->-r requirements.txt (line 14)) (25.0)
Requirement already satisfied: pluggy<2,>=1.5 in /root/.venv/lib/python3.11/site-packages (from pytest>=8.0.0->-r requirements.txt (line 14)) (1.6.0)
Requirement already satisfied: pygments>=2.7.2 in /root/.venv/lib/python3.11/site-packages (from pytest>=8.0.0->-r requirements.txt (line 14)) (2.19.1)
Requirement already satisfied: mypy-extensions>=0.4.3 in /root/.venv/lib/python3.11/site-packages (from black>=24.1.1->-r requirements.txt (line 15)) (1.1.0)
Requirement already satisfied: pathspec>=0.9.0 in /root/.venv/lib/python3.11/site-packages (from black>=24.1.1->-r requirements.txt (line 15)) (0.12.1)
Requirement already satisfied: platformdirs>=2 in /root/.venv/lib/python3.11/site-packages (from black>=24.1.1->-r requirements.txt (line 15)) (4.3.8)
Requirement already satisfied: mccabe<0.8.0,>=0.7.0 in /root/.venv/lib/python3.11/site-packages (from flake8>=7.0.0->-r requirements.txt (line 17)) (0.7.0)
Requirement already satisfied: pycodestyle<2.14.0,>=2.13.0 in /root/.venv/lib/python3.11/site-packages (from flake8>=7.0.0->-r requirements.txt (line 17)) (2.13.0)
Requirement already satisfied: pyflakes<3.4.0,>=3.3.0 in /root/.venv/lib/python3.11/site-packages (from flake8>=7.0.0->-r requirements.txt (line 17)) (3.3.2)
Requirement already satisfied: ecdsa!=0.15 in /root/.venv/lib/python3.11/site-packages (from python-jose>=3.3.0->-r requirements.txt (line 19)) (0.19.1)
Requirement already satisfied: rsa!=4.1.1,!=4.4,<5.0,>=4.0 in /root/.venv/lib/python3.11/site-packages (from python-jose>=3.3.0->-r requirements.txt (line 19)) (4.9.1)
Requirement already satisfied: pyasn1>=0.5.0 in /root/.venv/lib/python3.11/site-packages (from python-jose>=3.3.0->-r requirements.txt (line 19)) (0.6.1)
Requirement already satisfied: charset_normalizer<4,>=2 in /root/.venv/lib/python3.11/site-packages (from requests>=2.31.0->-r requirements.txt (line 20)) (3.4.2)
Requirement already satisfied: urllib3<3,>=1.21.1 in /root/.venv/lib/python3.11/site-packages (from requests>=2.31.0->-r requirements.txt (line 20)) (2.4.0)
Requirement already satisfied: certifi>=2017.4.17 in /root/.venv/lib/python3.11/site-packages (from requests>=2.31.0->-r requirements.txt (line 20)) (2025.6.15)
Requirement already satisfied: python-dateutil>=2.8.2 in /root/.venv/lib/python3.11/site-packages (from pandas>=2.2.0->-r requirements.txt (line 21)) (2.9.0.post0)
Requirement already satisfied: pytz>=2020.1 in /root/.venv/lib/python3.11/site-packages (from pandas>=2.2.0->-r requirements.txt (line 21)) (2025.2)
Requirement already satisfied: shellingham>=1.3.0 in /root/.venv/lib/python3.11/site-packages (from typer>=0.9.0->-r requirements.txt (line 25)) (1.5.4)
Requirement already satisfied: rich>=10.11.0 in /root/.venv/lib/python3.11/site-packages (from typer>=0.9.0->-r requirements.txt (line 25)) (14.0.0)
Requirement already satisfied: absl-py>=1.0.0 in /root/.venv/lib/python3.11/site-packages (from tensorflow>=2.15.0->-r requirements.txt (line 26)) (2.3.0)
Requirement already satisfied: astunparse>=1.6.0 in /root/.venv/lib/python3.11/site-packages (from tensorflow>=2.15.0->-r requirements.txt (line 26)) (1.6.3)
Requirement already satisfied: flatbuffers>=24.3.25 in /root/.venv/lib/python3.11/site-packages (from tensorflow>=2.15.0->-r requirements.txt (line 26)) (25.2.10)
Requirement already satisfied: gast!=0.5.0,!=0.5.1,!=0.5.2,>=0.2.1 in /root/.venv/lib/python3.11/site-packages (from tensorflow>=2.15.0->-r requirements.txt (line 26)) (0.6.0)
Requirement already satisfied: google-pasta>=0.1.1 in /root/.venv/lib/python3.11/site-packages (from tensorflow>=2.15.0->-r requirements.txt (line 26)) (0.2.0)
Requirement already satisfied: libclang>=13.0.0 in /root/.venv/lib/python3.11/site-packages (from tensorflow>=2.15.0->-r requirements.txt (line 26)) (18.1.1)
Requirement already satisfied: opt-einsum>=2.3.2 in /root/.venv/lib/python3.11/site-packages (from tensorflow>=2.15.0->-r requirements.txt (line 26)) (3.4.0)
Requirement already satisfied: protobuf!=4.21.0,!=4.21.1,!=4.21.2,!=4.21.3,!=4.21.4,!=4.21.5,<6.0.0dev,>=3.20.3 in /root/.venv/lib/python3.11/site-packages (from tensorflow>=2.15.0->-r requirements.txt (line 26)) (5.29.5)
Requirement already satisfied: setuptools in /root/.venv/lib/python3.11/site-packages (from tensorflow>=2.15.0->-r requirements.txt (line 26)) (65.5.0)
Requirement already satisfied: six>=1.12.0 in /root/.venv/lib/python3.11/site-packages (from tensorflow>=2.15.0->-r requirements.txt (line 26)) (1.17.0)
Requirement already satisfied: termcolor>=1.1.0 in /root/.venv/lib/python3.11/site-packages (from tensorflow>=2.15.0->-r requirements.txt (line 26)) (3.1.0)
Requirement already satisfied: wrapt>=1.11.0 in /root/.venv/lib/python3.11/site-packages (from tensorflow>=2.15.0->-r requirements.txt (line 26)) (1.17.2)
Requirement already satisfied: grpcio<2.0,>=1.24.3 in /root/.venv/lib/python3.11/site-packages (from tensorflow>=2.15.0->-r requirements.txt (line 26)) (1.73.1)
Requirement already satisfied: tensorboard~=2.19.0 in /root/.venv/lib/python3.11/site-packages (from tensorflow>=2.15.0->-r requirements.txt (line 26)) (2.19.0)
Requirement already satisfied: keras>=3.5.0 in /root/.venv/lib/python3.11/site-packages (from tensorflow>=2.15.0->-r requirements.txt (line 26)) (3.10.0)
Requirement already satisfied: h5py>=3.11.0 in /root/.venv/lib/python3.11/site-packages (from tensorflow>=2.15.0->-r requirements.txt (line 26)) (3.14.0)
Requirement already satisfied: ml-dtypes<1.0.0,>=0.5.1 in /root/.venv/lib/python3.11/site-packages (from tensorflow>=2.15.0->-r requirements.txt (line 26)) (0.5.1)
Requirement already satisfied: tensorflow-io-gcs-filesystem>=0.23.1 in /root/.venv/lib/python3.11/site-packages (from tensorflow>=2.15.0->-r requirements.txt (line 26)) (0.37.1)
Requirement already satisfied: filelock in /root/.venv/lib/python3.11/site-packages (from transformers>=4.30.0->-r requirements.txt (line 27)) (3.18.0)
Requirement already satisfied: huggingface-hub<1.0,>=0.30.0 in /root/.venv/lib/python3.11/site-packages (from transformers>=4.30.0->-r requirements.txt (line 27)) (0.33.2)
Requirement already satisfied: pyyaml>=5.1 in /root/.venv/lib/python3.11/site-packages (from transformers>=4.30.0->-r requirements.txt (line 27)) (6.0.2)
Requirement already satisfied: regex!=2019.12.17 in /root/.venv/lib/python3.11/site-packages (from transformers>=4.30.0->-r requirements.txt (line 27)) (2024.11.6)
Requirement already satisfied: tokenizers<0.22,>=0.21 in /root/.venv/lib/python3.11/site-packages (from transformers>=4.30.0->-r requirements.txt (line 27)) (0.21.2)
Requirement already satisfied: safetensors>=0.4.3 in /root/.venv/lib/python3.11/site-packages (from transformers>=4.30.0->-r requirements.txt (line 27)) (0.5.3)
Requirement already satisfied: tqdm>=4.27 in /root/.venv/lib/python3.11/site-packages (from transformers>=4.30.0->-r requirements.txt (line 27)) (4.67.1)
Requirement already satisfied: sympy>=1.13.3 in /root/.venv/lib/python3.11/site-packages (from torch>=2.0.0->-r requirements.txt (line 28)) (1.14.0)
Requirement already satisfied: networkx in /root/.venv/lib/python3.11/site-packages (from torch>=2.0.0->-r requirements.txt (line 28)) (3.5)
Requirement already satisfied: jinja2 in /root/.venv/lib/python3.11/site-packages (from torch>=2.0.0->-r requirements.txt (line 28)) (3.1.6)
Requirement already satisfied: fsspec in /root/.venv/lib/python3.11/site-packages (from torch>=2.0.0->-r requirements.txt (line 28)) (2025.3.0)
Requirement already satisfied: scipy>=1.8.0 in /root/.venv/lib/python3.11/site-packages (from scikit-learn>=1.3.0->-r requirements.txt (line 32)) (1.16.0)
Requirement already satisfied: joblib>=1.2.0 in /root/.venv/lib/python3.11/site-packages (from scikit-learn>=1.3.0->-r requirements.txt (line 32)) (1.5.1)
Requirement already satisfied: threadpoolctl>=3.1.0 in /root/.venv/lib/python3.11/site-packages (from scikit-learn>=1.3.0->-r requirements.txt (line 32)) (3.6.0)
Requirement already satisfied: contourpy>=1.0.1 in /root/.venv/lib/python3.11/site-packages (from matplotlib>=3.7.0->-r requirements.txt (line 33)) (1.3.2)
Requirement already satisfied: cycler>=0.10 in /root/.venv/lib/python3.11/site-packages (from matplotlib>=3.7.0->-r requirements.txt (line 33)) (0.12.1)
Requirement already satisfied: fonttools>=4.22.0 in /root/.venv/lib/python3.11/site-packages (from matplotlib>=3.7.0->-r requirements.txt (line 33)) (4.58.4)
Requirement already satisfied: kiwisolver>=1.3.1 in /root/.venv/lib/python3.11/site-packages (from matplotlib>=3.7.0->-r requirements.txt (line 33)) (1.4.8)
Requirement already satisfied: pyparsing>=2.3.1 in /root/.venv/lib/python3.11/site-packages (from matplotlib>=3.7.0->-r requirements.txt (line 33)) (3.2.3)
Requirement already satisfied: notebook in /root/.venv/lib/python3.11/site-packages (from jupyter>=1.1.1->-r requirements.txt (line 35)) (7.4.4)
Requirement already satisfied: jupyter-console in /root/.venv/lib/python3.11/site-packages (from jupyter>=1.1.1->-r requirements.txt (line 35)) (6.6.3)
Requirement already satisfied: nbconvert in /root/.venv/lib/python3.11/site-packages (from jupyter>=1.1.1->-r requirements.txt (line 35)) (7.16.6)
Requirement already satisfied: ipywidgets in /root/.venv/lib/python3.11/site-packages (from jupyter>=1.1.1->-r requirements.txt (line 35)) (8.1.7)
Requirement already satisfied: jupyterlab in /root/.venv/lib/python3.11/site-packages (from jupyter>=1.1.1->-r requirements.txt (line 35)) (4.4.4)
Requirement already satisfied: comm>=0.1.1 in /root/.venv/lib/python3.11/site-packages (from ipykernel>=6.25.0->-r requirements.txt (line 36)) (0.2.2)
Requirement already satisfied: debugpy>=1.6.5 in /root/.venv/lib/python3.11/site-packages (from ipykernel>=6.25.0->-r requirements.txt (line 36)) (1.8.14)
Requirement already satisfied: ipython>=7.23.1 in /root/.venv/lib/python3.11/site-packages (from ipykernel>=6.25.0->-r requirements.txt (line 36)) (9.4.0)
Requirement already satisfied: jupyter-client>=6.1.12 in /root/.venv/lib/python3.11/site-packages (from ipykernel>=6.25.0->-r requirements.txt (line 36)) (8.6.3)
Requirement already satisfied: jupyter-core!=5.0.*,>=4.12 in /root/.venv/lib/python3.11/site-packages (from ipykernel>=6.25.0->-r requirements.txt (line 36)) (5.8.1)
Requirement already satisfied: matplotlib-inline>=0.1 in /root/.venv/lib/python3.11/site-packages (from ipykernel>=6.25.0->-r requirements.txt (line 36)) (0.1.7)
Requirement already satisfied: nest-asyncio in /root/.venv/lib/python3.11/site-packages (from ipykernel>=6.25.0->-r requirements.txt (line 36)) (1.6.0)
Requirement already satisfied: psutil in /root/.venv/lib/python3.11/site-packages (from ipykernel>=6.25.0->-r requirements.txt (line 36)) (7.0.0)
Requirement already satisfied: pyzmq>=24 in /root/.venv/lib/python3.11/site-packages (from ipykernel>=6.25.0->-r requirements.txt (line 36)) (27.0.0)
Requirement already satisfied: tornado>=6.1 in /root/.venv/lib/python3.11/site-packages (from ipykernel>=6.25.0->-r requirements.txt (line 36)) (6.5.1)
Requirement already satisfied: traitlets>=5.4.0 in /root/.venv/lib/python3.11/site-packages (from ipykernel>=6.25.0->-r requirements.txt (line 36)) (5.14.3)
Requirement already satisfied: narwhals>=1.15.1 in /root/.venv/lib/python3.11/site-packages (from plotly>=5.15.0->-r requirements.txt (line 39)) (1.45.0)
Requirement already satisfied: pyarrow>=15.0.0 in /root/.venv/lib/python3.11/site-packages (from datasets>=2.14.0->-r requirements.txt (line 40)) (20.0.0)
Requirement already satisfied: dill<0.3.9,>=0.3.0 in /root/.venv/lib/python3.11/site-packages (from datasets>=2.14.0->-r requirements.txt (line 40)) (0.3.8)
Requirement already satisfied: xxhash in /root/.venv/lib/python3.11/site-packages (from datasets>=2.14.0->-r requirements.txt (line 40)) (3.5.0)
Requirement already satisfied: multiprocess<0.70.17 in /root/.venv/lib/python3.11/site-packages (from datasets>=2.14.0->-r requirements.txt (line 40)) (0.70.16)
Requirement already satisfied: spacy-legacy<3.1.0,>=3.0.11 in /root/.venv/lib/python3.11/site-packages (from spacy>=3.6.0->-r requirements.txt (line 43)) (3.0.12)
Requirement already satisfied: spacy-loggers<2.0.0,>=1.0.0 in /root/.venv/lib/python3.11/site-packages (from spacy>=3.6.0->-r requirements.txt (line 43)) (1.0.5)
Requirement already satisfied: murmurhash<1.1.0,>=0.28.0 in /root/.venv/lib/python3.11/site-packages (from spacy>=3.6.0->-r requirements.txt (line 43)) (1.0.13)
Requirement already satisfied: cymem<2.1.0,>=2.0.2 in /root/.venv/lib/python3.11/site-packages (from spacy>=3.6.0->-r requirements.txt (line 43)) (2.0.11)
Requirement already satisfied: preshed<3.1.0,>=3.0.2 in /root/.venv/lib/python3.11/site-packages (from spacy>=3.6.0->-r requirements.txt (line 43)) (3.0.10)
Requirement already satisfied: thinc<8.4.0,>=8.3.4 in /root/.venv/lib/python3.11/site-packages (from spacy>=3.6.0->-r requirements.txt (line 43)) (8.3.6)
Requirement already satisfied: wasabi<1.2.0,>=0.9.1 in /root/.venv/lib/python3.11/site-packages (from spacy>=3.6.0->-r requirements.txt (line 43)) (1.1.3)
Requirement already satisfied: srsly<3.0.0,>=2.4.3 in /root/.venv/lib/python3.11/site-packages (from spacy>=3.6.0->-r requirements.txt (line 43)) (2.5.1)
Requirement already satisfied: catalogue<2.1.0,>=2.0.6 in /root/.venv/lib/python3.11/site-packages (from spacy>=3.6.0->-r requirements.txt (line 43)) (2.0.10)
Requirement already satisfied: weasel<0.5.0,>=0.1.0 in /root/.venv/lib/python3.11/site-packages (from spacy>=3.6.0->-r requirements.txt (line 43)) (0.4.1)
Requirement already satisfied: langcodes<4.0.0,>=3.2.0 in /root/.venv/lib/python3.11/site-packages (from spacy>=3.6.0->-r requirements.txt (line 43)) (3.5.0)
Requirement already satisfied: wheel<1.0,>=0.23.0 in /usr/local/lib/python3.11/site-packages (from astunparse>=1.6.0->tensorflow>=2.15.0->-r requirements.txt (line 26)) (0.45.1)
Requirement already satisfied: pycparser in /root/.venv/lib/python3.11/site-packages (from cffi>=1.14->cryptography>=42.0.8->-r requirements.txt (line 5)) (2.22)
Requirement already satisfied: aiohttp!=4.0.0a0,!=4.0.0a1 in /root/.venv/lib/python3.11/site-packages (from fsspec[http]<=2025.3.0,>=2023.1.0->datasets>=2.14.0->-r requirements.txt (line 40)) (3.12.13)
Requirement already satisfied: hf-xet<2.0.0,>=1.1.2 in /root/.venv/lib/python3.11/site-packages (from huggingface-hub<1.0,>=0.30.0->transformers>=4.30.0->-r requirements.txt (line 27)) (1.1.5)
Requirement already satisfied: decorator in /root/.venv/lib/python3.11/site-packages (from ipython>=7.23.1->ipykernel>=6.25.0->-r requirements.txt (line 36)) (5.2.1)
Requirement already satisfied: ipython-pygments-lexers in /root/.venv/lib/python3.11/site-packages (from ipython>=7.23.1->ipykernel>=6.25.0->-r requirements.txt (line 36)) (1.1.1)
Requirement already satisfied: jedi>=0.16 in /root/.venv/lib/python3.11/site-packages (from ipython>=7.23.1->ipykernel>=6.25.0->-r requirements.txt (line 36)) (0.19.2)
Requirement already satisfied: pexpect>4.3 in /root/.venv/lib/python3.11/site-packages (from ipython>=7.23.1->ipykernel>=6.25.0->-r requirements.txt (line 36)) (4.9.0)
Requirement already satisfied: prompt_toolkit<3.1.0,>=3.0.41 in /root/.venv/lib/python3.11/site-packages (from ipython>=7.23.1->ipykernel>=6.25.0->-r requirements.txt (line 36)) (3.0.51)
Requirement already satisfied: stack_data in /root/.venv/lib/python3.11/site-packages (from ipython>=7.23.1->ipykernel>=6.25.0->-r requirements.txt (line 36)) (0.6.3)
Requirement already satisfied: namex in /root/.venv/lib/python3.11/site-packages (from keras>=3.5.0->tensorflow>=2.15.0->-r requirements.txt (line 26)) (0.1.0)
Requirement already satisfied: optree in /root/.venv/lib/python3.11/site-packages (from keras>=3.5.0->tensorflow>=2.15.0->-r requirements.txt (line 26)) (0.16.0)
Requirement already satisfied: language-data>=1.2 in /root/.venv/lib/python3.11/site-packages (from langcodes<4.0.0,>=3.2.0->spacy>=3.6.0->-r requirements.txt (line 43)) (1.3.0)
Requirement already satisfied: markdown-it-py>=2.2.0 in /root/.venv/lib/python3.11/site-packages (from rich>=10.11.0->typer>=0.9.0->-r requirements.txt (line 25)) (3.0.0)
Requirement already satisfied: anyio<5,>=3.4.0 in /root/.venv/lib/python3.11/site-packages (from starlette<0.38.0,>=0.37.2->fastapi==0.110.1->-r requirements.txt (line 1)) (4.9.0)
Requirement already satisfied: mpmath<1.4,>=1.1.0 in /root/.venv/lib/python3.11/site-packages (from sympy>=1.13.3->torch>=2.0.0->-r requirements.txt (line 28)) (1.3.0)
Requirement already satisfied: markdown>=2.6.8 in /root/.venv/lib/python3.11/site-packages (from tensorboard~=2.19.0->tensorflow>=2.15.0->-r requirements.txt (line 26)) (3.8.2)
Requirement already satisfied: tensorboard-data-server<0.8.0,>=0.7.0 in /root/.venv/lib/python3.11/site-packages (from tensorboard~=2.19.0->tensorflow>=2.15.0->-r requirements.txt (line 26)) (0.7.2)
Requirement already satisfied: werkzeug>=1.0.1 in /root/.venv/lib/python3.11/site-packages (from tensorboard~=2.19.0->tensorflow>=2.15.0->-r requirements.txt (line 26)) (3.1.3)
Requirement already satisfied: blis<1.4.0,>=1.3.0 in /root/.venv/lib/python3.11/site-packages (from thinc<8.4.0,>=8.3.4->spacy>=3.6.0->-r requirements.txt (line 43)) (1.3.0)
Requirement already satisfied: confection<1.0.0,>=0.0.1 in /root/.venv/lib/python3.11/site-packages (from thinc<8.4.0,>=8.3.4->spacy>=3.6.0->-r requirements.txt (line 43)) (0.1.5)
Requirement already satisfied: cloudpathlib<1.0.0,>=0.7.0 in /root/.venv/lib/python3.11/site-packages (from weasel<0.5.0,>=0.1.0->spacy>=3.6.0->-r requirements.txt (line 43)) (0.21.1)
Requirement already satisfied: smart-open<8.0.0,>=5.2.1 in /root/.venv/lib/python3.11/site-packages (from weasel<0.5.0,>=0.1.0->spacy>=3.6.0->-r requirements.txt (line 43)) (7.3.0)
Requirement already satisfied: widgetsnbextension~=4.0.14 in /root/.venv/lib/python3.11/site-packages (from ipywidgets->jupyter>=1.1.1->-r requirements.txt (line 35)) (4.0.14)
Requirement already satisfied: jupyterlab_widgets~=3.0.15 in /root/.venv/lib/python3.11/site-packages (from ipywidgets->jupyter>=1.1.1->-r requirements.txt (line 35)) (3.0.15)
Requirement already satisfied: MarkupSafe>=2.0 in /root/.venv/lib/python3.11/site-packages (from jinja2->torch>=2.0.0->-r requirements.txt (line 28)) (3.0.2)
Requirement already satisfied: async-lru>=1.0.0 in /root/.venv/lib/python3.11/site-packages (from jupyterlab->jupyter>=1.1.1->-r requirements.txt (line 35)) (2.0.5)
Requirement already satisfied: httpx>=0.25.0 in /root/.venv/lib/python3.11/site-packages (from jupyterlab->jupyter>=1.1.1->-r requirements.txt (line 35)) (0.28.1)
Requirement already satisfied: jupyter-lsp>=2.0.0 in /root/.venv/lib/python3.11/site-packages (from jupyterlab->jupyter>=1.1.1->-r requirements.txt (line 35)) (2.2.5)
Requirement already satisfied: jupyter-server<3,>=2.4.0 in /root/.venv/lib/python3.11/site-packages (from jupyterlab->jupyter>=1.1.1->-r requirements.txt (line 35)) (2.16.0)
Requirement already satisfied: jupyterlab-server<3,>=2.27.1 in /root/.venv/lib/python3.11/site-packages (from jupyterlab->jupyter>=1.1.1->-r requirements.txt (line 35)) (2.27.3)
Requirement already satisfied: notebook-shim>=0.2 in /root/.venv/lib/python3.11/site-packages (from jupyterlab->jupyter>=1.1.1->-r requirements.txt (line 35)) (0.2.4)
Requirement already satisfied: beautifulsoup4 in /root/.venv/lib/python3.11/site-packages (from nbconvert->jupyter>=1.1.1->-r requirements.txt (line 35)) (4.13.4)
Requirement already satisfied: bleach!=5.0.0 in /root/.venv/lib/python3.11/site-packages (from bleach[css]!=5.0.0->nbconvert->jupyter>=1.1.1->-r requirements.txt (line 35)) (6.2.0)
Requirement already satisfied: defusedxml in /root/.venv/lib/python3.11/site-packages (from nbconvert->jupyter>=1.1.1->-r requirements.txt (line 35)) (0.7.1)
Requirement already satisfied: jupyterlab-pygments in /root/.venv/lib/python3.11/site-packages (from nbconvert->jupyter>=1.1.1->-r requirements.txt (line 35)) (0.3.0)
Requirement already satisfied: mistune<4,>=2.0.3 in /root/.venv/lib/python3.11/site-packages (from nbconvert->jupyter>=1.1.1->-r requirements.txt (line 35)) (3.1.3)
Requirement already satisfied: nbclient>=0.5.0 in /root/.venv/lib/python3.11/site-packages (from nbconvert->jupyter>=1.1.1->-r requirements.txt (line 35)) (0.10.2)
Requirement already satisfied: nbformat>=5.7 in /root/.venv/lib/python3.11/site-packages (from nbconvert->jupyter>=1.1.1->-r requirements.txt (line 35)) (5.10.4)
Requirement already satisfied: pandocfilters>=1.4.1 in /root/.venv/lib/python3.11/site-packages (from nbconvert->jupyter>=1.1.1->-r requirements.txt (line 35)) (1.5.1)
Requirement already satisfied: aiohappyeyeballs>=2.5.0 in /root/.venv/lib/python3.11/site-packages (from aiohttp!=4.0.0a0,!=4.0.0a1->fsspec[http]<=2025.3.0,>=2023.1.0->datasets>=2.14.0->-r requirements.txt (line 40)) (2.6.1)
Requirement already satisfied: aiosignal>=1.1.2 in /root/.venv/lib/python3.11/site-packages (from aiohttp!=4.0.0a0,!=4.0.0a1->fsspec[http]<=2025.3.0,>=2023.1.0->datasets>=2.14.0->-r requirements.txt (line 40)) (1.3.2)
Requirement already satisfied: attrs>=17.3.0 in /root/.venv/lib/python3.11/site-packages (from aiohttp!=4.0.0a0,!=4.0.0a1->fsspec[http]<=2025.3.0,>=2023.1.0->datasets>=2.14.0->-r requirements.txt (line 40)) (25.3.0)
Requirement already satisfied: frozenlist>=1.1.1 in /root/.venv/lib/python3.11/site-packages (from aiohttp!=4.0.0a0,!=4.0.0a1->fsspec[http]<=2025.3.0,>=2023.1.0->datasets>=2.14.0->-r requirements.txt (line 40)) (1.7.0)
Requirement already satisfied: multidict<7.0,>=4.5 in /root/.venv/lib/python3.11/site-packages (from aiohttp!=4.0.0a0,!=4.0.0a1->fsspec[http]<=2025.3.0,>=2023.1.0->datasets>=2.14.0->-r requirements.txt (line 40)) (6.6.3)
Requirement already satisfied: propcache>=0.2.0 in /root/.venv/lib/python3.11/site-packages (from aiohttp!=4.0.0a0,!=4.0.0a1->fsspec[http]<=2025.3.0,>=2023.1.0->datasets>=2.14.0->-r requirements.txt (line 40)) (0.3.2)
Requirement already satisfied: yarl<2.0,>=1.17.0 in /root/.venv/lib/python3.11/site-packages (from aiohttp!=4.0.0a0,!=4.0.0a1->fsspec[http]<=2025.3.0,>=2023.1.0->datasets>=2.14.0->-r requirements.txt (line 40)) (1.20.1)
Requirement already satisfied: sniffio>=1.1 in /root/.venv/lib/python3.11/site-packages (from anyio<5,>=3.4.0->starlette<0.38.0,>=0.37.2->fastapi==0.110.1->-r requirements.txt (line 1)) (1.3.1)
Requirement already satisfied: webencodings in /root/.venv/lib/python3.11/site-packages (from bleach!=5.0.0->bleach[css]!=5.0.0->nbconvert->jupyter>=1.1.1->-r requirements.txt (line 35)) (0.5.1)
Requirement already satisfied: tinycss2<1.5,>=1.1.0 in /root/.venv/lib/python3.11/site-packages (from bleach[css]!=5.0.0->nbconvert->jupyter>=1.1.1->-r requirements.txt (line 35)) (1.4.0)
Requirement already satisfied: httpcore==1.* in /root/.venv/lib/python3.11/site-packages (from httpx>=0.25.0->jupyterlab->jupyter>=1.1.1->-r requirements.txt (line 35)) (1.0.9)
Requirement already satisfied: parso<0.9.0,>=0.8.4 in /root/.venv/lib/python3.11/site-packages (from jedi>=0.16->ipython>=7.23.1->ipykernel>=6.25.0->-r requirements.txt (line 36)) (0.8.4)
Requirement already satisfied: argon2-cffi>=21.1 in /root/.venv/lib/python3.11/site-packages (from jupyter-server<3,>=2.4.0->jupyterlab->jupyter>=1.1.1->-r requirements.txt (line 35)) (25.1.0)
Requirement already satisfied: jupyter-events>=0.11.0 in /root/.venv/lib/python3.11/site-packages (from jupyter-server<3,>=2.4.0->jupyterlab->jupyter>=1.1.1->-r requirements.txt (line 35)) (0.12.0)
Requirement already satisfied: jupyter-server-terminals>=0.4.4 in /root/.venv/lib/python3.11/site-packages (from jupyter-server<3,>=2.4.0->jupyterlab->jupyter>=1.1.1->-r requirements.txt (line 35)) (0.5.3)
Requirement already satisfied: overrides>=5.0 in /root/.venv/lib/python3.11/site-packages (from jupyter-server<3,>=2.4.0->jupyterlab->jupyter>=1.1.1->-r requirements.txt (line 35)) (7.7.0)
Requirement already satisfied: prometheus-client>=0.9 in /root/.venv/lib/python3.11/site-packages (from jupyter-server<3,>=2.4.0->jupyterlab->jupyter>=1.1.1->-r requirements.txt (line 35)) (0.22.1)
Requirement already satisfied: send2trash>=1.8.2 in /root/.venv/lib/python3.11/site-packages (from jupyter-server<3,>=2.4.0->jupyterlab->jupyter>=1.1.1->-r requirements.txt (line 35)) (1.8.3)
Requirement already satisfied: terminado>=0.8.3 in /root/.venv/lib/python3.11/site-packages (from jupyter-server<3,>=2.4.0->jupyterlab->jupyter>=1.1.1->-r requirements.txt (line 35)) (0.18.1)
Requirement already satisfied: websocket-client>=1.7 in /root/.venv/lib/python3.11/site-packages (from jupyter-server<3,>=2.4.0->jupyterlab->jupyter>=1.1.1->-r requirements.txt (line 35)) (1.8.0)
Requirement already satisfied: babel>=2.10 in /root/.venv/lib/python3.11/site-packages (from jupyterlab-server<3,>=2.27.1->jupyterlab->jupyter>=1.1.1->-r requirements.txt (line 35)) (2.17.0)
Requirement already satisfied: json5>=0.9.0 in /root/.venv/lib/python3.11/site-packages (from jupyterlab-server<3,>=2.27.1->jupyterlab->jupyter>=1.1.1->-r requirements.txt (line 35)) (0.12.0)
Requirement already satisfied: jsonschema>=4.18.0 in /root/.venv/lib/python3.11/site-packages (from jupyterlab-server<3,>=2.27.1->jupyterlab->jupyter>=1.1.1->-r requirements.txt (line 35)) (4.24.0)
Requirement already satisfied: marisa-trie>=1.1.0 in /root/.venv/lib/python3.11/site-packages (from language-data>=1.2->langcodes<4.0.0,>=3.2.0->spacy>=3.6.0->-r requirements.txt (line 43)) (1.2.1)
Requirement already satisfied: mdurl~=0.1 in /root/.venv/lib/python3.11/site-packages (from markdown-it-py>=2.2.0->rich>=10.11.0->typer>=0.9.0->-r requirements.txt (line 25)) (0.1.2)
Requirement already satisfied: fastjsonschema>=2.15 in /root/.venv/lib/python3.11/site-packages (from nbformat>=5.7->nbconvert->jupyter>=1.1.1->-r requirements.txt (line 35)) (2.21.1)
Requirement already satisfied: ptyprocess>=0.5 in /root/.venv/lib/python3.11/site-packages (from pexpect>4.3->ipython>=7.23.1->ipykernel>=6.25.0->-r requirements.txt (line 36)) (0.7.0)
Requirement already satisfied: wcwidth in /root/.venv/lib/python3.11/site-packages (from prompt_toolkit<3.1.0,>=3.0.41->ipython>=7.23.1->ipykernel>=6.25.0->-r requirements.txt (line 36)) (0.2.13)
Requirement already satisfied: soupsieve>1.2 in /root/.venv/lib/python3.11/site-packages (from beautifulsoup4->nbconvert->jupyter>=1.1.1->-r requirements.txt (line 35)) (2.7)
Requirement already satisfied: executing>=1.2.0 in /root/.venv/lib/python3.11/site-packages (from stack_data->ipython>=7.23.1->ipykernel>=6.25.0->-r requirements.txt (line 36)) (2.2.0)
Requirement already satisfied: asttokens>=2.1.0 in /root/.venv/lib/python3.11/site-packages (from stack_data->ipython>=7.23.1->ipykernel>=6.25.0->-r requirements.txt (line 36)) (3.0.0)
Requirement already satisfied: pure-eval in /root/.venv/lib/python3.11/site-packages (from stack_data->ipython>=7.23.1->ipykernel>=6.25.0->-r requirements.txt (line 36)) (0.2.3)
Requirement already satisfied: argon2-cffi-bindings in /root/.venv/lib/python3.11/site-packages (from argon2-cffi>=21.1->jupyter-server<3,>=2.4.0->jupyterlab->jupyter>=1.1.1->-r requirements.txt (line 35)) (21.2.0)
Requirement already satisfied: jsonschema-specifications>=2023.03.6 in /root/.venv/lib/python3.11/site-packages (from jsonschema>=4.18.0->jupyterlab-server<3,>=2.27.1->jupyterlab->jupyter>=1.1.1->-r requirements.txt (line 35)) (2025.4.1)
Requirement already satisfied: referencing>=0.28.4 in /root/.venv/lib/python3.11/site-packages (from jsonschema>=4.18.0->jupyterlab-server<3,>=2.27.1->jupyterlab->jupyter>=1.1.1->-r requirements.txt (line 35)) (0.36.2)
Requirement already satisfied: rpds-py>=0.7.1 in /root/.venv/lib/python3.11/site-packages (from jsonschema>=4.18.0->jupyterlab-server<3,>=2.27.1->jupyterlab->jupyter>=1.1.1->-r requirements.txt (line 35)) (0.26.0)
Requirement already satisfied: python-json-logger>=2.0.4 in /root/.venv/lib/python3.11/site-packages (from jupyter-events>=0.11.0->jupyter-server<3,>=2.4.0->jupyterlab->jupyter>=1.1.1->-r requirements.txt (line 35)) (3.3.0)
Requirement already satisfied: rfc3339-validator in /root/.venv/lib/python3.11/site-packages (from jupyter-events>=0.11.0->jupyter-server<3,>=2.4.0->jupyterlab->jupyter>=1.1.1->-r requirements.txt (line 35)) (0.1.4)
Requirement already satisfied: rfc3986-validator>=0.1.1 in /root/.venv/lib/python3.11/site-packages (from jupyter-events>=0.11.0->jupyter-server<3,>=2.4.0->jupyterlab->jupyter>=1.1.1->-r requirements.txt (line 35)) (0.1.1)
Requirement already satisfied: fqdn in /root/.venv/lib/python3.11/site-packages (from jsonschema[format-nongpl]>=4.18.0->jupyter-events>=0.11.0->jupyter-server<3,>=2.4.0->jupyterlab->jupyter>=1.1.1->-r requirements.txt (line 35)) (1.5.1)
Requirement already satisfied: isoduration in /root/.venv/lib/python3.11/site-packages (from jsonschema[format-nongpl]>=4.18.0->jupyter-events>=0.11.0->jupyter-server<3,>=2.4.0->jupyterlab->jupyter>=1.1.1->-r requirements.txt (line 35)) (20.11.0)
Requirement already satisfied: jsonpointer>1.13 in /root/.venv/lib/python3.11/site-packages (from jsonschema[format-nongpl]>=4.18.0->jupyter-events>=0.11.0->jupyter-server<3,>=2.4.0->jupyterlab->jupyter>=1.1.1->-r requirements.txt (line 35)) (3.0.0)
Requirement already satisfied: uri-template in /root/.venv/lib/python3.11/site-packages (from jsonschema[format-nongpl]>=4.18.0->jupyter-events>=0.11.0->jupyter-server<3,>=2.4.0->jupyterlab->jupyter>=1.1.1->-r requirements.txt (line 35)) (1.3.0)
Requirement already satisfied: webcolors>=24.6.0 in /root/.venv/lib/python3.11/site-packages (from jsonschema[format-nongpl]>=4.18.0->jupyter-events>=0.11.0->jupyter-server<3,>=2.4.0->jupyterlab->jupyter>=1.1.1->-r requirements.txt (line 35)) (24.11.1)
Requirement already satisfied: arrow>=0.15.0 in /root/.venv/lib/python3.11/site-packages (from isoduration->jsonschema[format-nongpl]>=4.18.0->jupyter-events>=0.11.0->jupyter-server<3,>=2.4.0->jupyterlab->jupyter>=1.1.1->-r requirements.txt (line 35)) (1.3.0)
Requirement already satisfied: types-python-dateutil>=2.8.10 in /root/.venv/lib/python3.11/site-packages (from arrow>=0.15.0->isoduration->jsonschema[format-nongpl]>=4.18.0->jupyter-events>=0.11.0->jupyter-server<3,>=2.4.0->jupyterlab->jupyter>=1.1.1->-r requirements.txt (line 35)) (2.9.0.20250516)

[notice] A new release of pip is available: 24.0 -> 25.1.1
[notice] To update, run: pip install --upgrade pip
